<?xml version="1.0" encoding="UTF-8"?>
<!-- Generated by org.testng.reporters.JUnitReportReporter -->
<testsuite hostname="C40LAP-10041" failures="0" tests="1" name="com.screenshot.TestClass" time="1.563" errors="0" timestamp="2022-10-08T20:52:25 IST" skipped="0">
  <testcase classname="com.screenshot.TestClass" name="google" time="1.563"/>
  <system-out/>
</testsuite> <!-- com.screenshot.TestClass -->
