<?xml version="1.0" encoding="UTF-8"?>
<!-- Generated by org.testng.reporters.JUnitReportReporter -->
<testsuite hostname="C40LAP-10041" failures="0" tests="4" name="com.jenky.TestClass1" time="0.020" errors="0" timestamp="2022-10-07T13:34:04 IST" skipped="0">
  <testcase classname="com.jenky.TestClass1" name="testMethod1" time="0.003"/>
  <system-out/>
  <testcase classname="com.jenky.TestClass1" name="testMethod4" time="0.003"/>
  <system-out/>
  <testcase classname="com.jenky.TestClass1" name="testMethod3" time="0.003"/>
  <system-out/>
  <testcase classname="com.jenky.TestClass1" name="testMethod2" time="0.011"/>
  <system-out/>
</testsuite> <!-- com.jenky.TestClass1 -->
