<?xml version="1.0" encoding="UTF-8"?>
<!-- Generated by org.testng.reporters.JUnitReportReporter -->
<testsuite hostname="C40LAP-10041" failures="0" tests="2" name="com.jenky.TestClass1" time="0.013" errors="0" timestamp="2022-10-08T21:47:38 IST" skipped="0">
  <testcase classname="com.jenky.TestClass1" name="testMethod2" time="0.001"/>
  <system-out/>
  <testcase classname="com.jenky.TestClass1" name="testMethod1" time="0.012"/>
  <system-out/>
</testsuite> <!-- com.jenky.TestClass1 -->
