<?xml version="1.0" encoding="UTF-8"?>
<!-- Generated by org.testng.reporters.JUnitReportReporter -->
<testsuite hostname="C40LAP-10041" failures="0" tests="1" name="com.screenshot.Finding" time="1.561" errors="0" timestamp="2022-10-10T23:13:40 IST" skipped="0">
  <testcase classname="com.screenshot.Finding" name="test" time="1.561"/>
  <system-out/>
</testsuite> <!-- com.screenshot.Finding -->
