<?xml version="1.0" encoding="UTF-8"?>
<!-- Generated by org.testng.reporters.JUnitReportReporter -->
<testsuite hostname="C40LAP-10041" failures="0" tests="1" name="com.jenky.LoggerDemo" time="0.782" errors="0" timestamp="2022-10-08T14:24:48 IST" skipped="0">
  <testcase classname="com.jenky.LoggerDemo" name="logs" time="0.782"/>
  <system-out/>
</testsuite> <!-- com.jenky.LoggerDemo -->
