<?xml version="1.0" encoding="UTF-8"?>
<!-- Generated by org.testng.reporters.JUnitReportReporter -->
<testsuite hostname="C40LAP-10041" failures="0" tests="4" name="com.jenky.TestClass1" time="0.005" errors="0" timestamp="2022-10-06T17:37:09 IST" skipped="0">
  <testcase classname="com.jenky.TestClass1" name="testMethod1" time="0.000"/>
  <system-out/>
  <testcase classname="com.jenky.TestClass1" name="testMethod4" time="0.000"/>
  <system-out/>
  <testcase classname="com.jenky.TestClass1" name="testMethod2" time="0.005"/>
  <system-out/>
  <testcase classname="com.jenky.TestClass1" name="testMethod3" time="0.000"/>
  <system-out/>
</testsuite> <!-- com.jenky.TestClass1 -->
